To regenerate: 165 items
  [1/165] ok    Nutella Croissant
  [2/165] skip  id=245
  [3/165] skip  id=28
  [4/165] skip  id=29
  [5/165] skip  id=26
  [6/165] skip  id=247
  [7/165] skip  id=27
  [8/165] skip  id=19
  [9/165] skip  id=20
  [10/165] skip  id=17
  [11/165] skip  id=18
  [12/165] skip  id=32
  [13/165] skip  id=44
  [14/165] skip  id=38
  [15/165] skip  id=33
  [16/165] skip  id=40
  [17/165] skip  id=39
  [18/165] skip  id=37
  [19/165] skip  id=35
  [20/165] skip  id=31
  [21/165] skip  id=42
  [22/165] skip  id=30
  [23/165] skip  id=36
  [24/165] skip  id=41
  [25/165] skip  id=248
  [26/165] skip  id=34
  [27/165] skip  id=249
  [28/165] skip  id=43
  [29/165] ok    Plain Croissant
  [30/165] skip  id=128
  [31/165] ok    Homemade Ice-cream
  [32/165] skip  id=250
  [33/165] skip  id=121
  [34/165] skip  id=270
  [35/165] skip  id=107
  [36/165] ok    Amaretto Cake
  [37/165] skip  id=114
  [38/165] ok    Carrot Cake
  [39/165] ok    Chocolate Cake
  [40/165] ok    Coffee Cake
